Arguments: 
  C:\Program Files\nodejs\node.exe C:\Users\Admin\AppData\Roaming\npm\node_modules\yarn\bin\yarn.js

PATH: 
  C:\Windows\system32;C:\Windows;C:\Windows\System32\Wbem;C:\Windows\System32\WindowsPowerShell\v1.0\;C:\Windows\System32\OpenSSH\;C:\Program Files\NVIDIA Corporation\NVIDIA NvDLISR;C:\Program Files (x86)\NVIDIA Corporation\PhysX\Common;D:\Git\cmd;C:\ProgramData\chocolatey\bin;C:\Program Files\nodejs\;C:\Users\Admin\AppData\Local\Microsoft\WindowsApps;;D:\Microsoft VS Code\bin;C:\Users\Admin\AppData\Roaming\npm

Yarn version: 
  1.22.19

Node version: 
  18.14.2

Platform: 
  win32 x64

Trace: 
  Error: certificate has expired
      at TLSSocket.onConnectSecure (node:_tls_wrap:1540:34)
      at TLSSocket.emit (node:events:513:28)
      at TLSSocket._finishInit (node:_tls_wrap:959:8)
      at ssl.onhandshakedone (node:_tls_wrap:743:12)

npm manifest: 
  {
    "name": "virtual-list-demo",
    "version": "1.0.0",
    "description": "",
    "type": "module",
    "scripts": {
      "dev": "vite",
      "build": "vue-tsc && vite build",
      "preview": "vite preview"
    },
    "dependencies": {
      "lodash-es": "^4.17.21",
      "unplugin-auto-import": "^0.17.6",
      "unplugin-vue-components": "^0.27.0",
      "vue": "^3.4.21"
    },
    "devDependencies": {
      "@vitejs/plugin-vue": "^5.0.4",
      "typescript": "^5.2.2",
      "vite": "^5.2.0",
      "vue-tsc": "^2.0.6"
    },
    "author": "",
    "license": "ISC"
  }

yarn manifest: 
  No manifest

Lockfile: 
  No lockfile
